# JRE version: Java(TM) SE Runtime Environment (8.0_112-b15) (build 1.8.0_112-b15)
# Java VM: Java HotSpot(TM) 64-Bit Server VM (25.112-b15 mixed mode windows-amd64 compressed oops)
Heap:
 PSYoungGen      total 57344K, used 36151K [0x00000007bc400000, 0x00000007c0000000, 0x00000007c0000000)
  eden space 53248K, 66% used [0x00000007bc400000,0x00000007be66b790,0x00000007bf800000)
  from space 4096K, 22% used [0x00000007bf800000,0x00000007bf8e25b0,0x00000007bfc00000)
  to   space 4096K, 0% used [0x00000007bfc00000,0x00000007bfc00000,0x00000007c0000000)
 ParOldGen       total 438272K, used 198542K [0x0000000700000000, 0x000000071ac00000, 0x00000007bc400000)
  object space 438272K, 45% used [0x0000000700000000,0x000000070c1e39c8,0x000000071ac00000)
 Metaspace       used 100056K, capacity 100933K, committed 101760K, reserved 1136640K
  class space    used 14706K, capacity 14881K, committed 14976K, reserved 1048576K
GC Heap History (10 events):
Event: 28441.599 GC heap before
{Heap before GC invocations=919 (full 32):
 PSYoungGen      total 56832K, used 52960K [0x00000007bc400000, 0x00000007c0000000, 0x00000007c0000000)
  eden space 51712K, 100% used [0x00000007bc400000,0x00000007bf680000,0x00000007bf680000)
  from space 5120K, 24% used [0x00000007bfb00000,0x00000007bfc38000,0x00000007c0000000)
  to   space 4608K, 0% used [0x00000007bf680000,0x00000007bf680000,0x00000007bfb00000)
 ParOldGen       total 438272K, used 198534K [0x0000000700000000, 0x000000071ac00000, 0x00000007bc400000)
  object space 438272K, 45% used [0x0000000700000000,0x000000070c1e19c8,0x000000071ac00000)
 Metaspace       used 100036K, capacity 100855K, committed 101760K, reserved 1136640K
  class space    used 14703K, capacity 14878K, committed 14976K, reserved 1048576K
Event: 28441.603 GC heap after
Heap after GC invocations=919 (full 32):
 PSYoungGen      total 56320K, used 1184K [0x00000007bc400000, 0x00000007c0000000, 0x00000007c0000000)
  eden space 51712K, 0% used [0x00000007bc400000,0x00000007bc400000,0x00000007bf680000)
  from space 4608K, 25% used [0x00000007bf680000,0x00000007bf7a8000,0x00000007bfb00000)
  to   space 4608K, 0% used [0x00000007bfb80000,0x00000007bfb80000,0x00000007c0000000)
 ParOldGen       total 438272K, used 198534K [0x0000000700000000, 0x000000071ac00000, 0x00000007bc400000)
  object space 438272K, 45% used [0x0000000700000000,0x000000070c1e19c8,0x000000071ac00000)
 Metaspace       used 100036K, capacity 100855K, committed 101760K, reserved 1136640K
  class space    used 14703K, capacity 14878K, committed 14976K, reserved 1048576K
}
Event: 28453.692 GC heap before
{Heap before GC invocations=920 (full 32):
 PSYoungGen      total 56320K, used 52896K [0x00000007bc400000, 0x00000007c0000000, 0x00000007c0000000)
  eden space 51712K, 100% used [0x00000007bc400000,0x00000007bf680000,0x00000007bf680000)
  from space 4608K, 25% used [0x00000007bf680000,0x00000007bf7a8000,0x00000007bfb00000)
  to   space 4608K, 0% used [0x00000007bfb80000,0x00000007bfb80000,0x00000007c0000000)
 ParOldGen       total 438272K, used 198534K [0x0000000700000000, 0x000000071ac00000, 0x00000007bc400000)
  object space 438272K, 45% used [0x0000000700000000,0x000000070c1e19c8,0x000000071ac00000)
 Metaspace       used 100036K, capacity 100855K, committed 101760K, reserved 1136640K
  class space    used 14703K, capacity 14878K, committed 14976K, reserved 1048576K
Event: 28453.697 GC heap after
Heap after GC invocations=920 (full 32):
 PSYoungGen      total 56832K, used 1152K [0x00000007bc400000, 0x00000007c0000000, 0x00000007c0000000)
  eden space 52224K, 0% used [0x00000007bc400000,0x00000007bc400000,0x00000007bf700000)
  from space 4608K, 25% used [0x00000007bfb80000,0x00000007bfca0000,0x00000007c0000000)
  to   space 4608K, 0% used [0x00000007bf700000,0x00000007bf700000,0x00000007bfb80000)
 ParOldGen       total 438272K, used 198534K [0x0000000700000000, 0x000000071ac00000, 0x00000007bc400000)
  object space 438272K, 45% used [0x0000000700000000,0x000000070c1e19c8,0x000000071ac00000)
 Metaspace       used 100036K, capacity 100855K, committed 101760K, reserved 1136640K
  class space    used 14703K, capacity 14878K, committed 14976K, reserved 1048576K
}
Event: 28465.998 GC heap before
{Heap before GC invocations=921 (full 32):
 PSYoungGen      total 56832K, used 53376K [0x00000007bc400000, 0x00000007c0000000, 0x00000007c0000000)
  eden space 52224K, 100% used [0x00000007bc400000,0x00000007bf700000,0x00000007bf700000)
  from space 4608K, 25% used [0x00000007bfb80000,0x00000007bfca0000,0x00000007c0000000)
  to   space 4608K, 0% used [0x00000007bf700000,0x00000007bf700000,0x00000007bfb80000)
 ParOldGen       total 438272K, used 198534K [0x0000000700000000, 0x000000071ac00000, 0x00000007bc400000)
  object space 438272K, 45% used [0x0000000700000000,0x000000070c1e19c8,0x000000071ac00000)
 Metaspace       used 100036K, capacity 100855K, committed 101760K, reserved 1136640K
  class space    used 14703K, capacity 14878K, committed 14976K, reserved 1048576K
Event: 28466.009 GC heap after
Heap after GC invocations=921 (full 32):
 PSYoungGen      total 56832K, used 1248K [0x00000007bc400000, 0x00000007c0000000, 0x00000007c0000000)
  eden space 52224K, 0% used [0x00000007bc400000,0x00000007bc400000,0x00000007bf700000)
  from space 4608K, 27% used [0x00000007bf700000,0x00000007bf838000,0x00000007bfb80000)
  to   space 4096K, 0% used [0x00000007bfc00000,0x00000007bfc00000,0x00000007c0000000)
 ParOldGen       total 438272K, used 198534K [0x0000000700000000, 0x000000071ac00000, 0x00000007bc400000)
  object space 438272K, 45% used [0x0000000700000000,0x000000070c1e19c8,0x000000071ac00000)
 Metaspace       used 100036K, capacity 100855K, committed 101760K, reserved 1136640K
  class space    used 14703K, capacity 14878K, committed 14976K, reserved 1048576K
}
Event: 28478.165 GC heap before
{Heap before GC invocations=922 (full 32):
 PSYoungGen      total 56832K, used 53472K [0x00000007bc400000, 0x00000007c0000000, 0x00000007c0000000)
  eden space 52224K, 100% used [0x00000007bc400000,0x00000007bf700000,0x00000007bf700000)
  from space 4608K, 27% used [0x00000007bf700000,0x00000007bf838000,0x00000007bfb80000)
  to   space 4096K, 0% used [0x00000007bfc00000,0x00000007bfc00000,0x00000007c0000000)
 ParOldGen       total 438272K, used 198534K [0x0000000700000000, 0x000000071ac00000, 0x00000007bc400000)
  object space 438272K, 45% used [0x0000000700000000,0x000000070c1e19c8,0x000000071ac00000)
 Metaspace       used 100036K, capacity 100855K, committed 101760K, reserved 1136640K
  class space    used 14703K, capacity 14878K, committed 14976K, reserved 1048576K
Event: 28478.169 GC heap after
Heap after GC invocations=922 (full 32):
 PSYoungGen      total 57344K, used 1216K [0x00000007bc400000, 0x00000007c0000000, 0x00000007c0000000)
  eden space 53248K, 0% used [0x00000007bc400000,0x00000007bc400000,0x00000007bf800000)
  from space 4096K, 29% used [0x00000007bfc00000,0x00000007bfd30000,0x00000007c0000000)
  to   space 4096K, 0% used [0x00000007bf800000,0x00000007bf800000,0x00000007bfc00000)
 ParOldGen       total 438272K, used 198534K [0x0000000700000000, 0x000000071ac00000, 0x00000007bc400000)
  object space 438272K, 45% used [0x0000000700000000,0x000000070c1e19c8,0x000000071ac00000)
 Metaspace       used 100036K, capacity 100855K, committed 101760K, reserved 1136640K
  class space    used 14703K, capacity 14878K, committed 14976K, reserved 1048576K
}
Event: 28483.201 GC heap before
{Heap before GC invocations=923 (full 32):
 PSYoungGen      total 57344K, used 54464K [0x00000007bc400000, 0x00000007c0000000, 0x00000007c0000000)
  eden space 53248K, 100% used [0x00000007bc400000,0x00000007bf800000,0x00000007bf800000)
  from space 4096K, 29% used [0x00000007bfc00000,0x00000007bfd30000,0x00000007c0000000)
  to   space 4096K, 0% used [0x00000007bf800000,0x00000007bf800000,0x00000007bfc00000)
 ParOldGen       total 438272K, used 198534K [0x0000000700000000, 0x000000071ac00000, 0x00000007bc400000)
  object space 438272K, 45% used [0x0000000700000000,0x000000070c1e19c8,0x000000071ac00000)
 Metaspace       used 100055K, capacity 100933K, committed 101760K, reserved 1136640K
  class space    used 14706K, capacity 14881K, committed 14976K, reserved 1048576K
Event: 28483.205 GC heap after
Heap after GC invocations=923 (full 32):
 PSYoungGen      total 57344K, used 905K [0x00000007bc400000, 0x00000007c0000000, 0x00000007c0000000)
  eden space 53248K, 0% used [0x00000007bc400000,0x00000007bc400000,0x00000007bf800000)
  from space 4096K, 22% used [0x00000007bf800000,0x00000007bf8e25b0,0x00000007bfc00000)
  to   space 4096K, 0% used [0x00000007bfc00000,0x00000007bfc00000,0x00000007c0000000)
 ParOldGen       total 438272K, used 198542K [0x0000000700000000, 0x000000071ac00000, 0x00000007bc400000)
  object space 438272K, 45% used [0x0000000700000000,0x000000070c1e39c8,0x000000071ac00000)
 Metaspace       used 100055K, capacity 100933K, committed 101760K, reserved 1136640K
  class space    used 14706K, capacity 14881K, committed 14976K, reserved 1048576K
}

